{"/home/fabio/greenn/product-checkout-poc/src/app.module.ts": {"path":"/home/fabio/greenn/product-checkout-poc/src/app.module.ts","statementMap":{"0":{"start":{"line":1,"column":0},"end":{"line":1,"column":40}},"1":{"start":{"line":2,"column":0},"end":{"line":2,"column":67}},"2":{"start":{"line":3,"column":0},"end":{"line":3,"column":58}},"3":{"start":{"line":4,"column":0},"end":{"line":4,"column":46}},"4":{"start":{"line":5,"column":0},"end":{"line":5,"column":48}},"5":{"start":{"line":6,"column":0},"end":{"line":6,"column":89}},"6":{"start":{"line":17,"column":7},"end":{"line":17,"column":null}},"7":{"start":{"line":17,"column":13},"end":{"line":17,"column":null}},"8":{"start":{"line":17,"column":13},"end":{"line":17,"column":22}}},"fnMap":{},"branchMap":{},"s":{"0":0,"1":0,"2":0,"3":0,"4":0,"5":0,"6":0,"7":0,"8":0},"f":{},"b":{}}
,"/home/fabio/greenn/product-checkout-poc/src/config.ts": {"path":"/home/fabio/greenn/product-checkout-poc/src/config.ts","statementMap":{"0":{"start":{"line":1,"column":0},"end":{"line":1,"column":33}},"1":{"start":{"line":2,"column":0},"end":{"line":2,"column":16}},"2":{"start":{"line":4,"column":13},"end":{"line":8,"column":null}}},"fnMap":{},"branchMap":{"0":{"loc":{"start":{"line":5,"column":14},"end":{"line":5,"column":45}},"type":"cond-expr","locations":[{"start":{"line":5,"column":36},"end":{"line":5,"column":40}},{"start":{"line":5,"column":40},"end":{"line":5,"column":45}}]},"1":{"loc":{"start":{"line":5,"column":14},"end":{"line":5,"column":40}},"type":"binary-expr","locations":[{"start":{"line":5,"column":14},"end":{"line":5,"column":40}},{"start":{"line":5,"column":36},"end":{"line":5,"column":40}}]},"2":{"loc":{"start":{"line":6,"column":16},"end":{"line":6,"column":47}},"type":"cond-expr","locations":[{"start":{"line":6,"column":39},"end":{"line":6,"column":43}},{"start":{"line":6,"column":43},"end":{"line":6,"column":47}}]},"3":{"loc":{"start":{"line":6,"column":16},"end":{"line":6,"column":43}},"type":"binary-expr","locations":[{"start":{"line":6,"column":16},"end":{"line":6,"column":43}},{"start":{"line":6,"column":39},"end":{"line":6,"column":43}}]},"4":{"loc":{"start":{"line":7,"column":16},"end":{"line":7,"column":47}},"type":"cond-expr","locations":[{"start":{"line":7,"column":39},"end":{"line":7,"column":43}},{"start":{"line":7,"column":43},"end":{"line":7,"column":47}}]},"5":{"loc":{"start":{"line":7,"column":16},"end":{"line":7,"column":43}},"type":"binary-expr","locations":[{"start":{"line":7,"column":16},"end":{"line":7,"column":43}},{"start":{"line":7,"column":39},"end":{"line":7,"column":43}}]}},"s":{"0":0,"1":0,"2":0},"f":{},"b":{"0":[0,0],"1":[0,0],"2":[0,0],"3":[0,0],"4":[0,0],"5":[0,0]}}
,"/home/fabio/greenn/product-checkout-poc/src/main.ts": {"path":"/home/fabio/greenn/product-checkout-poc/src/main.ts","statementMap":{"0":{"start":{"line":1,"column":0},"end":{"line":1,"column":43}},"1":{"start":{"line":2,"column":0},"end":{"line":2,"column":41}},"2":{"start":{"line":3,"column":0},"end":{"line":3,"column":65}},"3":{"start":{"line":4,"column":0},"end":{"line":4,"column":48}},"4":{"start":{"line":5,"column":0},"end":{"line":5,"column":38}},"5":{"start":{"line":8,"column":14},"end":{"line":8,"column":49}},"6":{"start":{"line":9,"column":17},"end":{"line":13,"column":12}},"7":{"start":{"line":14,"column":19},"end":{"line":14,"column":60}},"8":{"start":{"line":15,"column":2},"end":{"line":19,"column":4}},"9":{"start":{"line":20,"column":2},"end":{"line":20,"column":43}},"10":{"start":{"line":21,"column":2},"end":{"line":21,"column":44}},"11":{"start":{"line":23,"column":0},"end":{"line":23,"column":12}}},"fnMap":{"0":{"name":"bootstrap","decl":{"start":{"line":7,"column":15},"end":{"line":7,"column":24}},"loc":{"start":{"line":7,"column":24},"end":{"line":22,"column":1}}}},"branchMap":{},"s":{"0":0,"1":0,"2":0,"3":0,"4":0,"5":0,"6":0,"7":0,"8":0,"9":0,"10":0,"11":0},"f":{"0":0},"b":{}}
,"/home/fabio/greenn/product-checkout-poc/src/domain/products/products.module.ts": {"path":"/home/fabio/greenn/product-checkout-poc/src/domain/products/products.module.ts","statementMap":{"0":{"start":{"line":1,"column":0},"end":{"line":1,"column":40}},"1":{"start":{"line":2,"column":0},"end":{"line":2,"column":102}},"2":{"start":{"line":3,"column":0},"end":{"line":3,"column":106}},"3":{"start":{"line":4,"column":0},"end":{"line":4,"column":100}},"4":{"start":{"line":5,"column":0},"end":{"line":5,"column":48}},"5":{"start":{"line":6,"column":0},"end":{"line":6,"column":96}},"6":{"start":{"line":7,"column":0},"end":{"line":7,"column":46}},"7":{"start":{"line":8,"column":0},"end":{"line":8,"column":91}},"8":{"start":{"line":24,"column":7},"end":{"line":24,"column":null}},"9":{"start":{"line":24,"column":13},"end":{"line":24,"column":null}},"10":{"start":{"line":24,"column":13},"end":{"line":24,"column":27}}},"fnMap":{},"branchMap":{},"s":{"0":0,"1":0,"2":0,"3":0,"4":0,"5":0,"6":0,"7":0,"8":0,"9":0,"10":0},"f":{},"b":{}}
,"/home/fabio/greenn/product-checkout-poc/src/domain/products/dto/create-product.dto.ts": {"path":"/home/fabio/greenn/product-checkout-poc/src/domain/products/dto/create-product.dto.ts","statementMap":{"0":{"start":{"line":1,"column":0},"end":{"line":1,"column":13}}},"fnMap":{},"branchMap":{},"s":{"0":0},"f":{},"b":{}}
,"/home/fabio/greenn/product-checkout-poc/src/domain/products/entities/product.entity.ts": {"path":"/home/fabio/greenn/product-checkout-poc/src/domain/products/entities/product.entity.ts","statementMap":{"0":{"start":{"line":1,"column":0},"end":{"line":1,"column":13}}},"fnMap":{},"branchMap":{},"s":{"0":0},"f":{},"b":{}}
,"/home/fabio/greenn/product-checkout-poc/src/domain/users/users.module.ts": {"path":"/home/fabio/greenn/product-checkout-poc/src/domain/users/users.module.ts","statementMap":{"0":{"start":{"line":1,"column":0},"end":{"line":1,"column":40}},"1":{"start":{"line":2,"column":0},"end":{"line":2,"column":93}},"2":{"start":{"line":3,"column":0},"end":{"line":3,"column":100}},"3":{"start":{"line":4,"column":0},"end":{"line":4,"column":48}},"4":{"start":{"line":5,"column":0},"end":{"line":5,"column":91}},"5":{"start":{"line":6,"column":0},"end":{"line":6,"column":46}},"6":{"start":{"line":7,"column":0},"end":{"line":7,"column":96}},"7":{"start":{"line":19,"column":7},"end":{"line":19,"column":null}},"8":{"start":{"line":19,"column":13},"end":{"line":19,"column":null}},"9":{"start":{"line":19,"column":13},"end":{"line":19,"column":24}}},"fnMap":{},"branchMap":{},"s":{"0":0,"1":0,"2":0,"3":0,"4":0,"5":0,"6":0,"7":0,"8":0,"9":0},"f":{},"b":{}}
,"/home/fabio/greenn/product-checkout-poc/src/domain/users/dto/create-user.dto.ts": {"path":"/home/fabio/greenn/product-checkout-poc/src/domain/users/dto/create-user.dto.ts","statementMap":{"0":{"start":{"line":1,"column":0},"end":{"line":1,"column":13}}},"fnMap":{},"branchMap":{},"s":{"0":0},"f":{},"b":{}}
,"/home/fabio/greenn/product-checkout-poc/src/domain/users/entities/user.entity.ts": {"path":"/home/fabio/greenn/product-checkout-poc/src/domain/users/entities/user.entity.ts","statementMap":{"0":{"start":{"line":1,"column":0},"end":{"line":1,"column":13}}},"fnMap":{},"branchMap":{},"s":{"0":0},"f":{},"b":{}}
,"/home/fabio/greenn/product-checkout-poc/src/infrastructure/api/products/controller/products.controller.ts": {"path":"/home/fabio/greenn/product-checkout-poc/src/infrastructure/api/products/controller/products.controller.ts","statementMap":{"0":{"start":{"line":1,"column":0},"end":{"line":1,"column":64}},"1":{"start":{"line":4,"column":0},"end":{"line":4,"column":52}},"2":{"start":{"line":5,"column":0},"end":{"line":5,"column":42}},"3":{"start":{"line":6,"column":0},"end":{"line":6,"column":40}},"4":{"start":{"line":10,"column":7},"end":{"line":27,"column":null}},"5":{"start":{"line":13,"column":21},"end":{"line":13,"column":67}},"6":{"start":{"line":15,"column":21},"end":{"line":15,"column":62}},"7":{"start":{"line":20,"column":27},"end":{"line":22,"column":null}},"8":{"start":{"line":24,"column":25},"end":{"line":24,"column":60}},"9":{"start":{"line":25,"column":4},"end":{"line":25,"column":24}},"10":{"start":{"line":19,"column":8},"end":{"line":26,"column":null}},"11":{"start":{"line":10,"column":13},"end":{"line":27,"column":null}},"12":{"start":{"line":10,"column":13},"end":{"line":10,"column":31}}},"fnMap":{"0":{"name":"(anonymous_4)","decl":{"start":{"line":11,"column":2},"end":{"line":11,"column":null}},"loc":{"start":{"line":15,"column":62},"end":{"line":16,"column":6}}},"1":{"name":"(anonymous_5)","decl":{"start":{"line":19,"column":2},"end":{"line":19,"column":7}},"loc":{"start":{"line":19,"column":40},"end":{"line":26,"column":3}}}},"branchMap":{},"s":{"0":0,"1":0,"2":0,"3":0,"4":0,"5":0,"6":0,"7":0,"8":0,"9":0,"10":0,"11":0,"12":0},"f":{"0":0,"1":0},"b":{}}
,"/home/fabio/greenn/product-checkout-poc/src/infrastructure/api/products/facades/products.facade.ts": {"path":"/home/fabio/greenn/product-checkout-poc/src/infrastructure/api/products/facades/products.facade.ts","statementMap":{"0":{"start":{"line":3,"column":0},"end":{"line":3,"column":102}},"1":{"start":{"line":4,"column":0},"end":{"line":4,"column":96}},"2":{"start":{"line":6,"column":0},"end":{"line":6,"column":null}},"3":{"start":{"line":9,"column":23},"end":{"line":9,"column":70}},"4":{"start":{"line":10,"column":23},"end":{"line":10,"column":64}},"5":{"start":{"line":14,"column":22},"end":{"line":16,"column":26}},"6":{"start":{"line":17,"column":21},"end":{"line":18,"column":null}},"7":{"start":{"line":20,"column":6},"end":{"line":22,"column":null}},"8":{"start":{"line":7,"column":15},"end":{"line":25,"column":null}}},"fnMap":{"0":{"name":"(anonymous_0)","decl":{"start":{"line":6,"column":0},"end":{"line":6,"column":14}},"loc":{"start":{"line":6,"column":20},"end":{"line":26,"column":1}}},"1":{"name":"(anonymous_1)","decl":{"start":{"line":8,"column":4},"end":{"line":8,"column":null}},"loc":{"start":{"line":10,"column":64},"end":{"line":11,"column":8}}},"2":{"name":"(anonymous_2)","decl":{"start":{"line":13,"column":4},"end":{"line":13,"column":9}},"loc":{"start":{"line":13,"column":38},"end":{"line":24,"column":5}}}},"branchMap":{"0":{"loc":{"start":{"line":6,"column":14},"end":{"line":6,"column":null}},"type":"binary-expr","locations":[{"start":{"line":6,"column":14},"end":{"line":6,"column":20}},{"start":{"line":6,"column":14},"end":{"line":6,"column":null}}]}},"s":{"0":0,"1":0,"2":0,"3":0,"4":0,"5":0,"6":0,"7":0,"8":0},"f":{"0":0,"1":0,"2":0},"b":{"0":[0,0]}}
,"/home/fabio/greenn/product-checkout-poc/src/infrastructure/api/users/controller/users.controller.ts": {"path":"/home/fabio/greenn/product-checkout-poc/src/infrastructure/api/users/controller/users.controller.ts","statementMap":{"0":{"start":{"line":1,"column":0},"end":{"line":1,"column":64}},"1":{"start":{"line":2,"column":0},"end":{"line":2,"column":42}},"2":{"start":{"line":3,"column":0},"end":{"line":3,"column":40}},"3":{"start":{"line":8,"column":7},"end":{"line":18,"column":null}},"4":{"start":{"line":11,"column":21},"end":{"line":11,"column":62}},"5":{"start":{"line":16,"column":4},"end":{"line":16,"column":50}},"6":{"start":{"line":15,"column":8},"end":{"line":17,"column":null}},"7":{"start":{"line":8,"column":13},"end":{"line":18,"column":null}},"8":{"start":{"line":8,"column":13},"end":{"line":8,"column":28}}},"fnMap":{"0":{"name":"(anonymous_4)","decl":{"start":{"line":9,"column":2},"end":{"line":9,"column":null}},"loc":{"start":{"line":11,"column":62},"end":{"line":12,"column":6}}},"1":{"name":"(anonymous_5)","decl":{"start":{"line":15,"column":2},"end":{"line":15,"column":7}},"loc":{"start":{"line":15,"column":40},"end":{"line":17,"column":3}}}},"branchMap":{},"s":{"0":0,"1":0,"2":0,"3":0,"4":0,"5":0,"6":0,"7":0,"8":0},"f":{"0":0,"1":0},"b":{}}
,"/home/fabio/greenn/product-checkout-poc/src/infrastructure/database/typeorm/mysql/database.module.ts": {"path":"/home/fabio/greenn/product-checkout-poc/src/infrastructure/database/typeorm/mysql/database.module.ts","statementMap":{"0":{"start":{"line":1,"column":0},"end":{"line":1,"column":40}},"1":{"start":{"line":2,"column":0},"end":{"line":2,"column":53}},"2":{"start":{"line":3,"column":0},"end":{"line":3,"column":48}},"3":{"start":{"line":4,"column":0},"end":{"line":4,"column":61}},"4":{"start":{"line":5,"column":0},"end":{"line":5,"column":40}},"5":{"start":{"line":19,"column":7},"end":{"line":19,"column":null}},"6":{"start":{"line":19,"column":13},"end":{"line":19,"column":null}},"7":{"start":{"line":12,"column":30},"end":{"line":12,"column":41}},"8":{"start":{"line":19,"column":13},"end":{"line":19,"column":27}}},"fnMap":{"0":{"name":"(anonymous_1)","decl":{"start":{"line":12,"column":18},"end":{"line":12,"column":23}},"loc":{"start":{"line":12,"column":30},"end":{"line":12,"column":41}}}},"branchMap":{},"s":{"0":0,"1":0,"2":0,"3":0,"4":0,"5":0,"6":0,"7":0,"8":0},"f":{"0":0},"b":{}}
,"/home/fabio/greenn/product-checkout-poc/src/infrastructure/database/typeorm/mysql/database.service.ts": {"path":"/home/fabio/greenn/product-checkout-poc/src/infrastructure/database/typeorm/mysql/database.service.ts","statementMap":{"0":{"start":{"line":1,"column":0},"end":{"line":1,"column":44}},"1":{"start":{"line":2,"column":0},"end":{"line":2,"column":51}},"2":{"start":{"line":3,"column":0},"end":{"line":3,"column":37}},"3":{"start":{"line":6,"column":7},"end":{"line":12,"column":null}},"4":{"start":{"line":7,"column":51},"end":{"line":7,"column":63}},"5":{"start":{"line":10,"column":4},"end":{"line":10,"column":27}},"6":{"start":{"line":6,"column":13},"end":{"line":12,"column":null}},"7":{"start":{"line":6,"column":13},"end":{"line":6,"column":28}}},"fnMap":{"0":{"name":"(anonymous_4)","decl":{"start":{"line":7,"column":2},"end":{"line":7,"column":15}},"loc":{"start":{"line":7,"column":73},"end":{"line":7,"column":77}}},"1":{"name":"(anonymous_5)","decl":{"start":{"line":9,"column":9},"end":{"line":9,"column":20}},"loc":{"start":{"line":9,"column":20},"end":{"line":11,"column":3}}}},"branchMap":{},"s":{"0":0,"1":0,"2":0,"3":0,"4":0,"5":0,"6":0,"7":0},"f":{"0":0,"1":0},"b":{}}
,"/home/fabio/greenn/product-checkout-poc/src/infrastructure/database/typeorm/mysql/ormconfig.ts": {"path":"/home/fabio/greenn/product-checkout-poc/src/infrastructure/database/typeorm/mysql/ormconfig.ts","statementMap":{"0":{"start":{"line":3,"column":19},"end":{"line":3,"column":39}},"1":{"start":{"line":5,"column":2},"end":{"line":21,"column":null}},"2":{"start":{"line":6,"column":4},"end":{"line":12,"column":6}},"3":{"start":{"line":14,"column":4},"end":{"line":20,"column":6}},"4":{"start":{"line":1,"column":0},"end":{"line":1,"column":16}}},"fnMap":{"0":{"name":"ormConfig","decl":{"start":{"line":1,"column":16},"end":{"line":1,"column":25}},"loc":{"start":{"line":1,"column":25},"end":{"line":24,"column":1}}}},"branchMap":{"0":{"loc":{"start":{"line":5,"column":2},"end":{"line":21,"column":null}},"type":"if","locations":[{"start":{"line":5,"column":2},"end":{"line":21,"column":null}},{"start":{"line":13,"column":9},"end":{"line":21,"column":null}}]}},"s":{"0":0,"1":0,"2":0,"3":0,"4":0},"f":{"0":0},"b":{"0":[0,0]}}
,"/home/fabio/greenn/product-checkout-poc/src/infrastructure/database/typeorm/mysql/entities/product.model.ts": {"path":"/home/fabio/greenn/product-checkout-poc/src/infrastructure/database/typeorm/mysql/entities/product.model.ts","statementMap":{"0":{"start":{"line":1,"column":0},"end":{"line":1,"column":65}},"1":{"start":{"line":4,"column":7},"end":{"line":13,"column":null}},"2":{"start":{"line":5,"column":2},"end":{"line":6,"column":null}},"3":{"start":{"line":8,"column":2},"end":{"line":9,"column":null}},"4":{"start":{"line":11,"column":2},"end":{"line":12,"column":null}},"5":{"start":{"line":4,"column":13},"end":{"line":13,"column":null}},"6":{"start":{"line":4,"column":13},"end":{"line":4,"column":25}}},"fnMap":{},"branchMap":{},"s":{"0":0,"1":0,"2":0,"3":0,"4":0,"5":0,"6":0},"f":{},"b":{}}
,"/home/fabio/greenn/product-checkout-poc/src/infrastructure/database/typeorm/mysql/entities/users.model.ts": {"path":"/home/fabio/greenn/product-checkout-poc/src/infrastructure/database/typeorm/mysql/entities/users.model.ts","statementMap":{"0":{"start":{"line":1,"column":0},"end":{"line":1,"column":65}},"1":{"start":{"line":4,"column":7},"end":{"line":16,"column":null}},"2":{"start":{"line":5,"column":2},"end":{"line":6,"column":null}},"3":{"start":{"line":8,"column":2},"end":{"line":9,"column":null}},"4":{"start":{"line":11,"column":2},"end":{"line":12,"column":null}},"5":{"start":{"line":14,"column":2},"end":{"line":15,"column":null}},"6":{"start":{"line":4,"column":13},"end":{"line":16,"column":null}},"7":{"start":{"line":4,"column":13},"end":{"line":4,"column":22}}},"fnMap":{},"branchMap":{},"s":{"0":0,"1":0,"2":0,"3":0,"4":0,"5":0,"6":0,"7":0},"f":{},"b":{}}
,"/home/fabio/greenn/product-checkout-poc/src/infrastructure/database/typeorm/repositories/products.repository.ts": {"path":"/home/fabio/greenn/product-checkout-poc/src/infrastructure/database/typeorm/repositories/products.repository.ts","statementMap":{"0":{"start":{"line":1,"column":0},"end":{"line":1,"column":51}},"1":{"start":{"line":2,"column":0},"end":{"line":2,"column":37}},"2":{"start":{"line":4,"column":0},"end":{"line":4,"column":63}},"3":{"start":{"line":6,"column":7},"end":{"line":27,"column":null}},"4":{"start":{"line":9,"column":21},"end":{"line":9,"column":41}},"5":{"start":{"line":13,"column":4},"end":{"line":15,"column":6}},"6":{"start":{"line":19,"column":4},"end":{"line":21,"column":6}},"7":{"start":{"line":25,"column":4},"end":{"line":25,"column":59}},"8":{"start":{"line":6,"column":13},"end":{"line":27,"column":null}},"9":{"start":{"line":6,"column":13},"end":{"line":6,"column":31}}},"fnMap":{"0":{"name":"(anonymous_4)","decl":{"start":{"line":7,"column":2},"end":{"line":7,"column":null}},"loc":{"start":{"line":9,"column":65},"end":{"line":10,"column":6}}},"1":{"name":"(anonymous_5)","decl":{"start":{"line":12,"column":2},"end":{"line":12,"column":7}},"loc":{"start":{"line":12,"column":39},"end":{"line":16,"column":3}}},"2":{"name":"(anonymous_6)","decl":{"start":{"line":18,"column":2},"end":{"line":18,"column":7}},"loc":{"start":{"line":18,"column":14},"end":{"line":22,"column":3}}},"3":{"name":"(anonymous_7)","decl":{"start":{"line":24,"column":2},"end":{"line":24,"column":7}},"loc":{"start":{"line":24,"column":23},"end":{"line":26,"column":3}}}},"branchMap":{},"s":{"0":0,"1":0,"2":0,"3":0,"4":0,"5":0,"6":0,"7":0,"8":0,"9":0},"f":{"0":0,"1":0,"2":0,"3":0},"b":{}}
,"/home/fabio/greenn/product-checkout-poc/src/infrastructure/database/typeorm/repositories/users.repository.ts": {"path":"/home/fabio/greenn/product-checkout-poc/src/infrastructure/database/typeorm/repositories/users.repository.ts","statementMap":{"0":{"start":{"line":2,"column":0},"end":{"line":2,"column":58}},"1":{"start":{"line":3,"column":0},"end":{"line":3,"column":51}},"2":{"start":{"line":4,"column":0},"end":{"line":4,"column":37}},"3":{"start":{"line":6,"column":7},"end":{"line":19,"column":null}},"4":{"start":{"line":9,"column":21},"end":{"line":9,"column":38}},"5":{"start":{"line":13,"column":4},"end":{"line":13,"column":47}},"6":{"start":{"line":17,"column":4},"end":{"line":17,"column":56}},"7":{"start":{"line":6,"column":13},"end":{"line":19,"column":null}},"8":{"start":{"line":6,"column":13},"end":{"line":6,"column":28}}},"fnMap":{"0":{"name":"(anonymous_4)","decl":{"start":{"line":7,"column":2},"end":{"line":7,"column":null}},"loc":{"start":{"line":9,"column":59},"end":{"line":10,"column":6}}},"1":{"name":"(anonymous_5)","decl":{"start":{"line":12,"column":2},"end":{"line":12,"column":8}},"loc":{"start":{"line":12,"column":8},"end":{"line":14,"column":3}}},"2":{"name":"(anonymous_6)","decl":{"start":{"line":16,"column":2},"end":{"line":16,"column":7}},"loc":{"start":{"line":16,"column":26},"end":{"line":18,"column":3}}}},"branchMap":{},"s":{"0":0,"1":0,"2":0,"3":0,"4":0,"5":0,"6":0,"7":0,"8":0},"f":{"0":0,"1":0,"2":0},"b":{}}
,"/home/fabio/greenn/product-checkout-poc/src/use-cases/products/get-checkout-product/get-checkout-product.ts": {"path":"/home/fabio/greenn/product-checkout-poc/src/use-cases/products/get-checkout-product/get-checkout-product.ts","statementMap":{"0":{"start":{"line":1,"column":0},"end":{"line":1,"column":70}},"1":{"start":{"line":6,"column":21},"end":{"line":6,"column":67}},"2":{"start":{"line":10,"column":4},"end":{"line":15,"column":null}},"3":{"start":{"line":11,"column":6},"end":{"line":11,"column":55}},"4":{"start":{"line":13,"column":6},"end":{"line":13,"column":20}},"5":{"start":{"line":14,"column":6},"end":{"line":14,"column":null}},"6":{"start":{"line":4,"column":0},"end":{"line":4,"column":13}}},"fnMap":{"0":{"name":"(anonymous_0)","decl":{"start":{"line":5,"column":2},"end":{"line":5,"column":null}},"loc":{"start":{"line":6,"column":67},"end":{"line":7,"column":6}}},"1":{"name":"(anonymous_1)","decl":{"start":{"line":9,"column":2},"end":{"line":9,"column":7}},"loc":{"start":{"line":9,"column":33},"end":{"line":16,"column":3}}}},"branchMap":{},"s":{"0":0,"1":0,"2":0,"3":0,"4":0,"5":0,"6":0},"f":{"0":0,"1":0},"b":{}}
,"/home/fabio/greenn/product-checkout-poc/src/use-cases/products/get-product-seller/get-product-seller.ts": {"path":"/home/fabio/greenn/product-checkout-poc/src/use-cases/products/get-product-seller/get-product-seller.ts","statementMap":{"0":{"start":{"line":4,"column":31},"end":{"line":4,"column":72}},"1":{"start":{"line":7,"column":4},"end":{"line":7,"column":56}},"2":{"start":{"line":3,"column":0},"end":{"line":3,"column":13}}},"fnMap":{"0":{"name":"(anonymous_0)","decl":{"start":{"line":4,"column":2},"end":{"line":4,"column":31}},"loc":{"start":{"line":4,"column":72},"end":{"line":4,"column":76}}},"1":{"name":"(anonymous_1)","decl":{"start":{"line":6,"column":2},"end":{"line":6,"column":7}},"loc":{"start":{"line":6,"column":32},"end":{"line":8,"column":3}}}},"branchMap":{},"s":{"0":0,"1":0,"2":0},"f":{"0":0,"1":0},"b":{}}
}
